c:\users\gokilava\vstudiosemo\consoleapplication4\consoleapplication4\x64\debug\vc141.pdb
c:\users\gokilava\vstudiosemo\consoleapplication4\consoleapplication4\x64\debug\vc141.idb
c:\users\gokilava\vstudiosemo\consoleapplication4\consoleapplication4\x64\debug\consoleapplication4.obj
c:\users\gokilava\vstudiosemo\consoleapplication4\consoleapplication4\x64\debug\vcpkg.applocal.log
c:\users\gokilava\vstudiosemo\consoleapplication4\x64\debug\cpprest_2_10d.dll
c:\users\gokilava\vstudiosemo\consoleapplication4\x64\debug\boost_system-vc141-mt-gd-x64-1_68.dll
c:\users\gokilava\vstudiosemo\consoleapplication4\x64\debug\boost_date_time-vc141-mt-gd-x64-1_68.dll
c:\users\gokilava\vstudiosemo\consoleapplication4\x64\debug\ssleay32.dll
c:\users\gokilava\vstudiosemo\consoleapplication4\x64\debug\libeay32.dll
c:\users\gokilava\vstudiosemo\consoleapplication4\x64\debug\zlibd1.dll
c:\users\gokilava\vstudiosemo\consoleapplication4\x64\debug\consoleapplication4.exe
c:\users\gokilava\vstudiosemo\consoleapplication4\x64\debug\consoleapplication4.ilk
c:\users\gokilava\vstudiosemo\consoleapplication4\x64\debug\consoleapplication4.pdb
c:\users\gokilava\vstudiosemo\consoleapplication4\consoleapplication4\x64\debug\consolea.4b5a7ed5.tlog\cl.command.1.tlog
c:\users\gokilava\vstudiosemo\consoleapplication4\consoleapplication4\x64\debug\consolea.4b5a7ed5.tlog\cl.read.1.tlog
c:\users\gokilava\vstudiosemo\consoleapplication4\consoleapplication4\x64\debug\consolea.4b5a7ed5.tlog\cl.write.1.tlog
c:\users\gokilava\vstudiosemo\consoleapplication4\consoleapplication4\x64\debug\consolea.4b5a7ed5.tlog\consoleapplication4.write.1u.tlog
c:\users\gokilava\vstudiosemo\consoleapplication4\consoleapplication4\x64\debug\consolea.4b5a7ed5.tlog\link.command.1.tlog
c:\users\gokilava\vstudiosemo\consoleapplication4\consoleapplication4\x64\debug\consolea.4b5a7ed5.tlog\link.read.1.tlog
c:\users\gokilava\vstudiosemo\consoleapplication4\consoleapplication4\x64\debug\consolea.4b5a7ed5.tlog\link.write.1.tlog
